Turbo Assembler	 Version 2.0	    04/26/19 18:23:38	    Page 1
p4b.asm



      1				     ;**************************************************************************
      2				     ; SBM 2019. ESTRUCTURA BÁSICA DE UN PROGRAMA EN ENSAMBLADOR
      3				     ;**************************************************************************
      4				     ; DEFINICION DEL SEGMENTO DE DATOS
      5	0000			     DATOS SEGMENT
      6	0000  4C 4D 4E 4F 50 51	52+	     MATRIZ_POLIBIO DB 'LMNOPQ', 'RSTUVW', 'XYZ012','345678', '9ABCDE',	'FGHIJK'
      7	      53 54 55 56 57 58	59+
      8	      5A 30 31 32 33 34	35+
      9	      36 37 38 39 41 42	43+
     10	      44 45 46 47 48 49	4A+
     11	      4B
     12	0024  31 35 31 34 31 31	36+	     DATO DB '15141164536414','$'
     13	      34 35 33 36 34 31	34+
     14	      24
     15	0033  50 4F 4C 49 42 49	4F+	     DATO2 DB 'POLIBIO','$'
     16	      24
     17	003B			     DATOS ENDS
     18				     ;**************************************************************************
     19				     ; DEFINICION DEL SEGMENTO DE PILA
     20	0000			     PILA SEGMENT STACK	"STACK"
     21	0000  40*(00)			     DB	40H DUP	(0) ;ejemplo de	inicialización, 64 bytes inicializados	a 0
     22	0040			     PILA ENDS
     23				     ;**************************************************************************
     24				     ; DEFINICION DEL SEGMENTO EXTRA
     25	0000			     EXTRA SEGMENT
     26	0000  0000 0000			     RESULT DW 0,0 ;ejemplo de inicialización.	2 PALABRAS (4 BYTES)
     27	0004			     EXTRA ENDS
     28				     ;**************************************************************************
     29				     ; DEFINICION DEL SEGMENTO DE CODIGO
     30	0000			     CODE SEGMENT
     31					     ASSUME CS:	CODE, DS: DATOS, ES: EXTRA, SS:	PILA
     32				     ; COMIENZO	DEL PROCEDIMIENTO PRINCIPAL
     33	0000			     INICIO PROC
     34				     ; INICIALIZA LOS REGISTROS	DE SEGMENTO CON	SU VALOR
     35	0000  B8 0000s			     MOV AX, DATOS
     36	0003  8E D8			     MOV DS, AX
     37	0005  B8 0000s			     MOV AX, PILA
     38	0008  8E D0			     MOV SS, AX
     39	000A  B8 0000s			     MOV AX, EXTRA
     40	000D  8E C0			     MOV ES, AX
     41	000F  BC 0040			     MOV SP, 64	; CARGA	EL PUNTERO DE PILA CON EL VALOR	MAS ALTO
     42				     ; FIN DE LAS INICIALIZACIONES
     43				     ; COMIENZO	DEL PROGRAMA
     44
     45
     46
     47
     48	0012  B4 11			     mov ah,11h
     49	0014  BA 0024r			     mov dx, OFFSET DATO
     50	0017  CD 57			     int 57h
     51
     52	0019  B2 0A			     mov dl, 0Ah
     53	001B  B4 02			     mov ah, 2				     ; Imprimimos el caracter por pantalla
     54	001D  CD 21			     int 21h
     55
     56	001F  B4 10			     mov ah,10h
     57	0021  BA 0033r			     mov dx, OFFSET DATO2
Turbo Assembler	 Version 2.0	    04/26/19 18:23:38	    Page 2
p4b.asm



     58	0024  CD 57			     int 57h
     59				     ; FIN DEL PROGRAMA
     60	0026  B8 4C00			     MOV AX, 4C00H
     61	0029  CD 21			     INT 21H
     62	002B			     INICIO ENDP
     63				     ; FIN DEL SEGMENTO	DE CODIGO
     64	002B			     CODE ENDS
     65				     ; FIN DEL PROGRAMA	INDICANDO DONDE	COMIENZA LA EJECUCION
     66				     END INICIO
Turbo Assembler	 Version 2.0	    04/26/19 18:23:38	    Page 3
Symbol Table




Symbol Name			  Type	 Value

??DATE				  Text	 "04/26/19"
??FILENAME			  Text	 "p4b	  "
??TIME				  Text	 "18:23:38"
??VERSION			  Number 0200
@CPU				  Text	 0101H
@CURSEG				  Text	 CODE
@FILENAME			  Text	 P4B
@WORDSIZE			  Text	 2
DATO				  Byte	 DATOS:0024
DATO2				  Byte	 DATOS:0033
INICIO				  Near	 CODE:0000
MATRIZ_POLIBIO			  Byte	 DATOS:0000
RESULT				  Word	 EXTRA:0000

Groups & Segments		  Bit Size Align  Combine Class

CODE				  16  002B Para	  none
DATOS				  16  003B Para	  none
EXTRA				  16  0004 Para	  none
PILA				  16  0040 Para	  Stack	  STACK
