Turbo Assembler	 Version 2.0	    03/01/19 18:46:22	    Page 1
pract1b.asm



      1				     ;**************************************************************************
      2				     ; EJERCICIO 1A PRÁCTICA 1
      3				     ;**************************************************************************
      4				     ; DEFINICION DEL SEGMENTO DE DATOS
      5	0000			     DATOS SEGMENT
      6
      7	0000  ??		     CONTADOR	     DB	     ?
      8	0001  CAFE		     TOME	     DW	     0CAFEH
      9	0003  41 74 65 6E 63 69	C3+  ERROR1	     DB	     "Atención: Entrada de datos incorrecta."
     10	      B3 6E 3A 20 45 6E	74+
     11	      72 61 64 61 20 64	65+
     12	      20 64 61 74 6F 73	20+
     13	      69 6E 63 6F 72 72	65+
     14	      63 74 61 2E
     15	002A  64*(??)		     TABLA100	     DB	     100 dup(?)
     16
     17
     18	008E			     DATOS ENDS
     19
     20
     21				     ;**************************************************************************
     22				     ; DEFINICION DEL SEGMENTO DE PILA
     23
     24	0000			     PILA SEGMENT STACK	"STACK"
     25	0000  40*(00)			     DB	40H DUP	(0)		     ;64 bytes inicializados a 0
     26	0040			     PILA ENDS
     27
     28				     ;**************************************************************************
     29				     ; DEFINICION DEL SEGMENTO EXTRA
     30
     31	0000			     EXTRA     SEGMENT
     32	0000  0000 0000			 RESULT	   DW 0,0		  ; 2 PALABRAS ( 4 BYTES )
     33	0004			     EXTRA ENDS
     34
     35				     ;**************************************************************************
     36				     ; DEFINICION DEL SEGMENTO DE CODIGO
     37
     38	0000			     CODE SEGMENT
     39					     ASSUME CS:	CODE, DS: DATOS, ES: EXTRA, SS:	PILA
     40
     41				     ; COMIENZO	DEL PROCEDIMIENTO PRINCIPAL
     42	0000			     INICIO PROC
     43
     44					     ; INICIALIZA LOS REGISTROS	DE SEGMENTO CON	SU VALOR
     45	0000  B8 0000s			     MOV AX, DATOS
     46	0003  8E D8			     MOV DS, AX
     47
     48	0005  B8 0000s			     MOV AX, PILA
     49	0008  8E D0			     MOV SS, AX
     50
     51	000A  B8 0000s			     MOV AX, EXTRA
     52	000D  8E C0			     MOV ES, AX
     53
     54	000F  BC 0040			     MOV SP, 64	; CARGA	EL PUNTERO DE PILA CON EL VALOR	MAS ALTO
     55
     56				     ; FIN DE LAS INICIALIZACIONES
     57
Turbo Assembler	 Version 2.0	    03/01/19 18:46:22	    Page 2
pract1b.asm



     58				     ; COMIENZO	DEL PROGRAMA
     59
     60	0012  8A 1E 0005r		     MOV BL, ERROR1[2H]
     61	0016  88 1E 008Dr		     MOV TABLA100[63H],	BL
     62
     63	001A  8B 1E 0001r		     MOV BX, TOME
     64	001E  88 1E 004Dr		     MOV     TABLA100[23H], BL
     65	0022  88 3E 004Er		     MOV TABLA100[24H],	BH
     66
     67	0026  88 3E 0000r		     MOV CONTADOR, BH
     68
     69
     70				     ; FIN DEL PROGRAMA
     71	002A  B8 4C00			     MOV AX, 4C00H
     72	002D  CD 21			     INT 21H
     73	002F			     INICIO ENDP
     74				     ; FIN DEL SEGMENTO	DE CODIGO
     75	002F			     CODE ENDS
     76				     ; FIN DEL PROGRAMA	INDICANDO DONDE	COMIENZA LA EJECUCION
     77				     END INICIO
Turbo Assembler	 Version 2.0	    03/01/19 18:46:22	    Page 3
Symbol Table




Symbol Name			  Type	 Value

??DATE				  Text	 "03/01/19"
??FILENAME			  Text	 "pract1b "
??TIME				  Text	 "18:46:22"
??VERSION			  Number 0200
@CPU				  Text	 0101H
@CURSEG				  Text	 CODE
@FILENAME			  Text	 PRACT1B
@WORDSIZE			  Text	 2
CONTADOR			  Byte	 DATOS:0000
ERROR1				  Byte	 DATOS:0003
INICIO				  Near	 CODE:0000
RESULT				  Word	 EXTRA:0000
TABLA100			  Byte	 DATOS:002A
TOME				  Word	 DATOS:0001

Groups & Segments		  Bit Size Align  Combine Class

CODE				  16  002F Para	  none
DATOS				  16  008E Para	  none
EXTRA				  16  0004 Para	  none
PILA				  16  0040 Para	  Stack	  STACK
